<?xml version="1.0" encoding="UTF-8"?>
<!-- Generated by org.testng.reporters.JUnitXMLReporter -->
<testsuite ignored="0" hostname="DESKTOP-1GE5BDV" failures="0" tests="4" name="Default test" time="10.59" errors="0" timestamp="2026-03-24T12:24:06 IST">
  <testcase classname="api.Tests.UserTest2" name="postUserValidation" time="4.777"/>
  <testcase classname="api.Tests.UserTest2" name="getUserValidation" time="2.356"/>
  <testcase classname="api.Tests.UserTest2" name="updateUserValidation" time="1.532"/>
  <testcase classname="api.Tests.UserTest2" name="deleteUserValidation" time="1.426"/>
</testsuite> <!-- Default test -->
