<?xml version="1.0" encoding="UTF-8"?>
<!-- Generated by org.testng.reporters.JUnitXMLReporter -->
<testsuite ignored="0" hostname="DESKTOP-1GE5BDV" failures="0" tests="9" name="Test" time="22.192" errors="0" timestamp="2026-03-22T11:51:24 IST">
  <testcase classname="api.Tests.UserTestDDT" name="postUserValidation" time="5.016"/>
  <testcase classname="api.Tests.UserTestDDT" name="postUserValidation" time="1.986"/>
  <testcase classname="api.Tests.UserTestDDT" name="postUserValidation" time="1.813"/>
  <testcase classname="api.Tests.UserTestDDT" name="getUserValidation" time="1.604"/>
  <testcase classname="api.Tests.UserTestDDT" name="getUserValidation" time="1.922"/>
  <testcase classname="api.Tests.UserTestDDT" name="getUserValidation" time="1.723"/>
  <testcase classname="api.Tests.UserTestDDT" name="deleteUserValidation" time="1.834"/>
  <testcase classname="api.Tests.UserTestDDT" name="deleteUserValidation" time="2.129"/>
  <testcase classname="api.Tests.UserTestDDT" name="deleteUserValidation" time="2.032"/>
</testsuite> <!-- Test -->
