<?xml version="1.0" encoding="UTF-8"?>
<testng-results ignored="0" total="4" passed="4" failed="0" skipped="0">
  <reporter-output>
  </reporter-output>
  <suite started-at="2026-03-24T12:32:12 IST" name="Surefire suite" finished-at="2026-03-24T12:32:21 IST" duration-ms="9466">
    <groups>
    </groups>
    <test started-at="2026-03-24T12:32:12 IST" name="Surefire test" finished-at="2026-03-24T12:32:21 IST" duration-ms="9466">
      <class name="api.Tests.UserTest">
        <test-method is-config="true" signature="setup()[pri:0, instance:api.Tests.UserTest@6b26e945]" started-at="2026-03-24T12:32:12 IST" name="setup" finished-at="2026-03-24T12:32:12 IST" duration-ms="346" status="PASS">
          <reporter-output>
          </reporter-output>
        </test-method> <!-- setup -->
        <test-method signature="postUserValidation()[pri:1, instance:api.Tests.UserTest@6b26e945]" started-at="2026-03-24T12:32:12 IST" name="postUserValidation" finished-at="2026-03-24T12:32:17 IST" duration-ms="4619" status="PASS">
          <reporter-output>
          </reporter-output>
        </test-method> <!-- postUserValidation -->
        <test-method signature="getUserValidation()[pri:2, instance:api.Tests.UserTest@6b26e945]" started-at="2026-03-24T12:32:17 IST" name="getUserValidation" finished-at="2026-03-24T12:32:19 IST" duration-ms="1485" status="PASS">
          <reporter-output>
          </reporter-output>
        </test-method> <!-- getUserValidation -->
        <test-method signature="updateUserValidation()[pri:3, instance:api.Tests.UserTest@6b26e945]" started-at="2026-03-24T12:32:19 IST" name="updateUserValidation" finished-at="2026-03-24T12:32:20 IST" duration-ms="1490" status="PASS">
          <reporter-output>
          </reporter-output>
        </test-method> <!-- updateUserValidation -->
        <test-method signature="deleteUserValidation()[pri:4, instance:api.Tests.UserTest@6b26e945]" started-at="2026-03-24T12:32:20 IST" name="deleteUserValidation" finished-at="2026-03-24T12:32:21 IST" duration-ms="1481" status="PASS">
          <reporter-output>
          </reporter-output>
        </test-method> <!-- deleteUserValidation -->
      </class> <!-- api.Tests.UserTest -->
    </test> <!-- Surefire test -->
  </suite> <!-- Surefire suite -->
</testng-results>
