<?xml version="1.0" encoding="UTF-8"?>
<testng-results ignored="0" total="4" passed="4" failed="0" skipped="0">
  <reporter-output>
  </reporter-output>
  <suite started-at="2026-03-24T12:23:55 IST" name="Default suite" finished-at="2026-03-24T12:24:05 IST" duration-ms="10590">
    <groups>
    </groups>
    <test started-at="2026-03-24T12:23:55 IST" name="Default test" finished-at="2026-03-24T12:24:05 IST" duration-ms="10590">
      <class name="api.Tests.UserTest2">
        <test-method is-config="true" signature="setup()[pri:0, instance:api.Tests.UserTest2@4d5d943d]" started-at="2026-03-24T12:23:55 IST" name="setup" finished-at="2026-03-24T12:23:55 IST" duration-ms="425" status="PASS">
          <reporter-output>
          </reporter-output>
        </test-method> <!-- setup -->
        <test-method signature="postUserValidation()[pri:1, instance:api.Tests.UserTest2@4d5d943d]" started-at="2026-03-24T12:23:55 IST" name="postUserValidation" finished-at="2026-03-24T12:24:00 IST" duration-ms="4777" status="PASS">
          <reporter-output>
          </reporter-output>
        </test-method> <!-- postUserValidation -->
        <test-method signature="getUserValidation()[pri:2, instance:api.Tests.UserTest2@4d5d943d]" started-at="2026-03-24T12:24:00 IST" name="getUserValidation" finished-at="2026-03-24T12:24:03 IST" duration-ms="2356" status="PASS">
          <reporter-output>
          </reporter-output>
        </test-method> <!-- getUserValidation -->
        <test-method signature="updateUserValidation()[pri:3, instance:api.Tests.UserTest2@4d5d943d]" started-at="2026-03-24T12:24:03 IST" name="updateUserValidation" finished-at="2026-03-24T12:24:04 IST" duration-ms="1532" status="PASS">
          <reporter-output>
          </reporter-output>
        </test-method> <!-- updateUserValidation -->
        <test-method signature="deleteUserValidation()[pri:4, instance:api.Tests.UserTest2@4d5d943d]" started-at="2026-03-24T12:24:04 IST" name="deleteUserValidation" finished-at="2026-03-24T12:24:05 IST" duration-ms="1426" status="PASS">
          <reporter-output>
          </reporter-output>
        </test-method> <!-- deleteUserValidation -->
      </class> <!-- api.Tests.UserTest2 -->
    </test> <!-- Default test -->
  </suite> <!-- Default suite -->
</testng-results>
