<?xml version="1.0" encoding="UTF-8"?>
<!-- Generated by org.testng.reporters.JUnitReportReporter -->
<testsuite hostname="DESKTOP-1GE5BDV" failures="0" tests="4" name="api.Tests.UserTest" time="11.958" errors="0" timestamp="2026-03-20T13:48:34 IST" skipped="0">
  <testcase classname="api.Tests.UserTest" name="postUserValidation" time="5.936"/>
  <testcase classname="api.Tests.UserTest" name="getUserValidation" time="2.035"/>
  <testcase classname="api.Tests.UserTest" name="updateUserValidation" time="2.087"/>
  <testcase classname="api.Tests.UserTest" name="deleteUserValidation" time="1.900"/>
</testsuite> <!-- api.Tests.UserTest -->
