<?xml version="1.0" encoding="UTF-8"?>
<!-- Generated by org.testng.reporters.JUnitReportReporter -->
<testsuite hostname="DESKTOP-1GE5BDV" failures="0" tests="4" name="api.Tests.UserTest2" time="10.091" errors="0" timestamp="2026-03-24T12:24:06 IST" skipped="0">
  <testcase classname="api.Tests.UserTest2" name="postUserValidation" time="4.777"/>
  <testcase classname="api.Tests.UserTest2" name="getUserValidation" time="2.356"/>
  <testcase classname="api.Tests.UserTest2" name="updateUserValidation" time="1.532"/>
  <testcase classname="api.Tests.UserTest2" name="deleteUserValidation" time="1.426"/>
</testsuite> <!-- api.Tests.UserTest2 -->
