<?xml version="1.0" encoding="UTF-8"?>
<!-- Generated by org.testng.reporters.JUnitReportReporter -->
<testsuite hostname="DESKTOP-1GE5BDV" failures="0" tests="4" name="api.Tests.UserTest" time="9.075" errors="0" timestamp="2026-03-24T12:32:22 IST" skipped="0">
  <testcase classname="api.Tests.UserTest" name="postUserValidation" time="4.619"/>
  <testcase classname="api.Tests.UserTest" name="getUserValidation" time="1.485"/>
  <testcase classname="api.Tests.UserTest" name="updateUserValidation" time="1.490"/>
  <testcase classname="api.Tests.UserTest" name="deleteUserValidation" time="1.481"/>
</testsuite> <!-- api.Tests.UserTest -->
